<?xml version="1.0" encoding="UTF-8"?>
<testng-results ignored="0" total="1" passed="1" failed="0" skipped="0">
  <reporter-output>
  </reporter-output>
  <suite started-at="2023-07-12T06:07:35 IST" name="Default suite" finished-at="2023-07-12T06:07:39 IST" duration-ms="3235">
    <groups>
    </groups>
    <test started-at="2023-07-12T06:07:35 IST" name="Default test" finished-at="2023-07-12T06:07:39 IST" duration-ms="3235">
      <class name="CodingTest.com.codingTest.googlePageTest">
        <test-method signature="testGooglrpage()[pri:0, instance:CodingTest.com.codingTest.googlePageTest@28eaa59a]" started-at="2023-07-12T06:07:35 IST" name="testGooglrpage" finished-at="2023-07-12T06:07:39 IST" duration-ms="3208" status="PASS">
          <reporter-output>
          </reporter-output>
        </test-method> <!-- testGooglrpage -->
      </class> <!-- CodingTest.com.codingTest.googlePageTest -->
    </test> <!-- Default test -->
  </suite> <!-- Default suite -->
</testng-results>
